0 info it worked if it ends with ok
1 verbose cli [ '/usr/bin/node', '/usr/bin/npm', 'publish' ]
2 info using npm@3.5.2
3 info using node@v8.10.0
4 verbose publish [ '.' ]
5 silly cache add args [ '.', null ]
6 verbose cache add spec .
7 silly cache add parsed spec Result {
7 silly cache add   raw: '.',
7 silly cache add   scope: null,
7 silly cache add   name: null,
7 silly cache add   rawSpec: '.',
7 silly cache add   spec: '/home/jonathan/Documents/Projects/javascript/generator-php-scaffold',
7 silly cache add   type: 'directory' }
8 verbose addLocalDirectory /home/jonathan/.npm/generator-php-scaffold/1.0.3/package.tgz not in flight; packing
9 info lifecycle generator-php-scaffold@1.0.3~prepublish: generator-php-scaffold@1.0.3
10 silly lifecycle generator-php-scaffold@1.0.3~prepublish: no script for prepublish, continuing
11 verbose tar pack [ '/home/jonathan/.npm/generator-php-scaffold/1.0.3/package.tgz',
11 verbose tar pack   '/home/jonathan/Documents/Projects/javascript/generator-php-scaffold' ]
12 verbose tarball /home/jonathan/.npm/generator-php-scaffold/1.0.3/package.tgz
13 verbose folder /home/jonathan/Documents/Projects/javascript/generator-php-scaffold
14 verbose addLocalTarball adding from inside cache /home/jonathan/.npm/generator-php-scaffold/1.0.3/package.tgz
15 silly cache afterAdd generator-php-scaffold@1.0.3
16 verbose afterAdd /home/jonathan/.npm/generator-php-scaffold/1.0.3/package/package.json not in flight; writing
17 verbose afterAdd /home/jonathan/.npm/generator-php-scaffold/1.0.3/package/package.json written
18 silly publish { name: 'generator-php-scaffold',
18 silly publish   version: '1.0.3',
18 silly publish   author:
18 silly publish    { name: 'Jonathan Monteiro',
18 silly publish      email: 'jonathan.monteiro6@gmail.com' },
18 silly publish   description: 'This generator create a application with restful architecture with Zend 3 or Symfony framework',
18 silly publish   files: [ 'app', 'router' ],
18 silly publish   keywords:
18 silly publish    [ 'scaffold',
18 silly publish      'zend',
18 silly publish      'restful',
18 silly publish      'zend framework 3',
18 silly publish      'symfony',
18 silly publish      'command bus',
18 silly publish      'zend framework',
18 silly publish      'php',
18 silly publish      'zf3' ],
18 silly publish   repository:
18 silly publish    { type: 'git',
18 silly publish      url: 'git+https://github.com/jonathan91/generator-php-scaffold.git' },
18 silly publish   dependencies: { chalk: '^2.4.1', 'yeoman-generator': '^3.1.1' },
18 silly publish   devDependencies:
18 silly publish    { 'fs-extra': '2.1.2',
18 silly publish      'gulp-mocha': '^6.0.0',
18 silly publish      mocha: '^5.2.0',
18 silly publish      'mocha-sinon': '2.1.0',
18 silly publish      'yeoman-test': '^1.9.0' },
18 silly publish   main: 'index.js',
18 silly publish   scripts: { test: 'mocha test/*' },
18 silly publish   license: 'MIT',
18 silly publish   bugs:
18 silly publish    { url: 'https://github.com/jonathan91/generator-php-scaffold.git/issues' },
18 silly publish   homepage: 'https://github.com/jonathan91/generator-php-scaffold#readme',
18 silly publish   directories: { test: 'test' },
18 silly publish   readme: '# Project\nThis project is a code generator for the Zend Framework or Symfony, to generate the project skeleton the Resful architecture was used and the following packages are used to create the backend:\n* zend framework / Symfony\n* league / oauth2-client 2.3\n* lcobucci / jwt 3.2\n* doctrine / doctrine-module-0,10\n* doctrine / doctrine-module 1.1\n\nIn creating the frontend was used Angular 7 together as the Material Design the link to the layout can be found here:\n* https://www.creative-tim.com/product/material-dashboard-angular2  \n\n# What the `php-scaffold` do?\nWhen started the `php-scaffold` generator suggests creating a project or pointing to an existing project, after that you can create your `Modules` and their `Entities`, and all the necessary files for the application to work will be created as based on the data provided.\n\n## Instalation\nYou need to install Yeoman and the generator.\nYeoman and generator installation is required with the following commands:\n```\nnpm i -g yo\n```\n```\nnpm i -g generator-php-scaffold\n```\n## Usage\nTo use the generator you must enter the folder where you want the application to be created.\n\n```\ncd ~/home/Documents/my_projects\n```\nTo start the generator execution the following command must be executed.\n```\nyo php-scaffold\n```\n\nAfter the construction of the application structure for the creation of entities simply access the folder defined for the project and rerun the call to the generator.\n\n```\ncd ~/Documents/proects/my_project\n```\n```\nyo php-scaffold\n```\n\nTo Run the application yo need to execute the line command following.\n\n```\nsudo docker-compose up -d\n```\n```\nsudo docker ps -a\n```\nGet the container id and runner the following line command to update the database\n\n```\nsudo docker exec -it <container-id> bash\n```\n\n```\nvendor/bin/doctrine orm:schema-tool:update --force\n```\n\n>Obs. To import the jdl files you need first convert to JSON file\n\n```\nnpm install -g generator-jhipster\n```\n```\njhipster import-jdl ./data/my-jdl-file.jdl --json-only\n```\n\n## Project Structure\nThe following project structures will be assembled according to the technologies adopted.\n\n### ZF3\n```\n|--config\n|   |--autoload\n|   |   |--doctrine_orm.global.php\n|   |   |--global.php\n|   |   |--README.md\n|   |--application.config.php\n|--client\n|--data\n|   |--README.md\n|--database\n|   |--migration\n|   |   |--README.md\n|--module\n|   |--Application\n|   |   |--config\n|   |   |   |--module.config.php\n|   |   |   |--service.config.php\n|   |   |--src\n|   |   |   |--Controller\n|   |   |   |   |--AppAbstractController.php\n|   |   |   |   |--IndexController.php\n|   |   |   |--Entity\n|   |   |   |   |--AppAbstractEntity.php\n|   |   |   |--Exceptions\n|   |   |   |   |--AppAccessDeniedException.php\n|   |   |   |--http\n|   |   |   |   |--AppHttpResponse.php\n|   |   |   |--Repository\n|   |   |   |   |--AppInterfaceRepository.php\n|   |   |   |--Service\n|   |   |   |   |--AppAbstractEntityService.php\n|   |   |   |--Module.php\n|   |   |   |--test\n|   |--<Your Modules>\n|--public\n|   |--css\n|   |--fonts\n|   |--img\n|   |--js\n|   |--.htaccess\n|   |--index.php\n|   |--web.config\n|--composer.json\n|--CONDUCT.md\n|--CONTRIBUTING.md\n|--docker-compose.yml\n|--Dockerfile\n|--LICENCE.md\n|--phpcs.xml\n|--phpunit.xml.dist\n|--README.md\n|--TODO.md\n|--Vagrantfile\n```\n### Symfony\n```\n|--app\n    |--config\n        |--config_dev.yml\n        |--config_prod.yml\n        |--config_test.yml\n        |--config.yml\n        |--parameters.yml\n        |--routing_dev.yml\n        |--routing.yml\n        |--security.yml\n        |--services.yml\n    |--Resources\n        |--view\n        |--default\n            |--index.html.twing\n        |--base.html.twing\n    |--AppCache.php\n    |--AppKernel.php\n    |--autoload.php\n|--bin\n    |--console\n    |--symfony_requirements\n|--client\n|--data\n    |--json-files\n    |--README.md\n|--database\n    |--README.md\n|--src\n    |--AppBundle\n        |--Controller\n            |-- AbstracApiController.php\n        |--DataFixtures\n        |--Entity\n        |--EnventListner\n            |--ExceptionListener.php\n            |--JWTCreatedListener.php\n        |--Exception\n            |--NotFoundException.php\n        |--Http\n            |--ResponseBag.php\n        |--Repository\n        |--Resources\n            |--config\n                |--services.yml\n        |--Security\n            |--Authenticator.php\n        |--Service\n            |-- Command\n            |-- Handler\n            |-- Query\n        |--AppBundle.php\n|--tests\n    |--Integration\n        |--AbstractIntegrationTestCase.php\n    |--Unit\n        |--AbstractUnitTestCase.php\n|--var\n    |--cache\n    |--jwt\n    |--logs\n    |--bootstrap.php.cache\n    |--SymfonyRequirements.php\n|--web\n    |--app_dev.php\n    |--app.php\n    |--apple-touch-icon.png\n    |--config.php\n    |--favicon.ico\n    |--robots.txt\n|--composer.json\n|--composer.lock\n|--phpunit.xml\n```',
18 silly publish   readmeFilename: 'README.md',
18 silly publish   gitHead: '7886a76a57f097d858520731ead4144309e2c0f8',
18 silly publish   _id: 'generator-php-scaffold@1.0.3',
18 silly publish   _shasum: '346a1c9fcb22479f84b15d1f98da4811b7685f27',
18 silly publish   _from: '.' }
19 verbose getPublishConfig undefined
20 silly mapToRegistry name generator-php-scaffold
21 silly mapToRegistry using default registry
22 silly mapToRegistry registry https://registry.npmjs.org/
23 silly mapToRegistry uri https://registry.npmjs.org/generator-php-scaffold
24 verbose publish registryBase https://registry.npmjs.org/
25 silly publish uploading /home/jonathan/.npm/generator-php-scaffold/1.0.3/package.tgz
26 verbose request uri https://registry.npmjs.org/generator-php-scaffold
27 verbose request sending authorization for write operation
28 info attempt registry request try #1 at 9:52:02 PM
29 verbose request using bearer token for auth
30 verbose request id a2f30a83f0fc7f4a
31 http request PUT https://registry.npmjs.org/generator-php-scaffold
32 http 403 https://registry.npmjs.org/generator-php-scaffold
33 verbose headers { date: 'Thu, 02 May 2019 00:52:15 GMT',
33 verbose headers   'content-type': 'application/json',
33 verbose headers   'transfer-encoding': 'chunked',
33 verbose headers   connection: 'keep-alive',
33 verbose headers   'set-cookie':
33 verbose headers    [ '__cfduid=d80882721ad535cd2f366e3b411a4e3bf1556758323; expires=Fri, 01-May-20 00:52:03 GMT; path=/; domain=.registry.npmjs.org; HttpOnly' ],
33 verbose headers   'cf-ray': '4d06029f2de887ec-GIG',
33 verbose headers   'expect-ct': 'max-age=604800, report-uri="https://report-uri.cloudflare.com/cdn-cgi/beacon/expect-ct"',
33 verbose headers   vary: 'Accept-Encoding',
33 verbose headers   server: 'cloudflare',
33 verbose headers   'content-encoding': 'gzip' }
34 verbose request invalidating /home/jonathan/.npm/registry.npmjs.org/generator-php-scaffold on PUT
35 error publish Failed PUT 403
36 verbose stack Error: You cannot publish over the previously published versions: 1.0.3. : generator-php-scaffold
36 verbose stack     at makeError (/usr/share/npm/node_modules/npm-registry-client/lib/request.js:264:12)
36 verbose stack     at CachingRegistryClient.<anonymous> (/usr/share/npm/node_modules/npm-registry-client/lib/request.js:252:14)
36 verbose stack     at /usr/share/npm/node_modules/npm-registry-client/lib/request.js:178:7
36 verbose stack     at Gunzip.onEnd (zlib.js:131:5)
36 verbose stack     at emitNone (events.js:111:20)
36 verbose stack     at Gunzip.emit (events.js:208:7)
36 verbose stack     at endReadableNT (_stream_readable.js:1064:12)
36 verbose stack     at _combinedTickCallback (internal/process/next_tick.js:138:11)
36 verbose stack     at process._tickCallback (internal/process/next_tick.js:180:9)
37 verbose statusCode 403
38 verbose pkgid generator-php-scaffold
39 verbose cwd /home/jonathan/Documents/Projects/javascript/generator-php-scaffold
40 error Linux 4.15.0-47-generic
41 error argv "/usr/bin/node" "/usr/bin/npm" "publish"
42 error node v8.10.0
43 error npm  v3.5.2
44 error code E403
45 error You cannot publish over the previously published versions: 1.0.3. : generator-php-scaffold
46 error If you need help, you may report this error at:
46 error     <https://github.com/npm/npm/issues>
47 verbose exit [ 1, true ]
